<?xml version="1.0" encoding="UTF-8"?>
<testng-results ignored="0" total="1" passed="1" failed="0" skipped="0">
  <reporter-output>
  </reporter-output>
  <suite started-at="2022-09-20T14:01:15 IST" name="Default suite" finished-at="2022-09-20T14:03:46 IST" duration-ms="150684">
    <groups>
    </groups>
    <test started-at="2022-09-20T14:01:15 IST" name="Default test" finished-at="2022-09-20T14:03:46 IST" duration-ms="150684">
      <class name="com.ecom.flipkart.CartTest.ProductAddToCartTest">
        <test-method is-config="true" signature="configBS()[pri:0, instance:com.ecom.flipkart.CartTest.ProductAddToCartTest@a530d0a]" started-at="2022-09-20T14:01:15 IST" name="configBS" finished-at="2022-09-20T14:01:15 IST" duration-ms="11" status="PASS">
          <reporter-output>
          </reporter-output>
        </test-method> <!-- configBS -->
        <test-method is-config="true" signature="configBC()[pri:0, instance:com.ecom.flipkart.CartTest.ProductAddToCartTest@a530d0a]" started-at="2022-09-20T14:01:15 IST" name="configBC" finished-at="2022-09-20T14:01:33 IST" duration-ms="17843" status="PASS">
          <reporter-output>
          </reporter-output>
        </test-method> <!-- configBC -->
        <test-method is-config="true" signature="configBM()[pri:0, instance:com.ecom.flipkart.CartTest.ProductAddToCartTest@a530d0a]" started-at="2022-09-20T14:01:33 IST" name="configBM" finished-at="2022-09-20T14:02:51 IST" duration-ms="77667" status="PASS">
          <reporter-output>
          </reporter-output>
        </test-method> <!-- configBM -->
        <test-method signature="addToCartWinterHeaterTest()[pri:0, instance:com.ecom.flipkart.CartTest.ProductAddToCartTest@a530d0a]" started-at="2022-09-20T14:02:51 IST" name="addToCartWinterHeaterTest" finished-at="2022-09-20T14:03:45 IST" duration-ms="53882" status="PASS">
          <reporter-output>
          </reporter-output>
        </test-method> <!-- addToCartWinterHeaterTest -->
        <test-method is-config="true" signature="configAM()[pri:0, instance:com.ecom.flipkart.CartTest.ProductAddToCartTest@a530d0a]" started-at="2022-09-20T14:03:45 IST" name="configAM" finished-at="2022-09-20T14:03:45 IST" duration-ms="3" status="PASS">
          <reporter-output>
          </reporter-output>
        </test-method> <!-- configAM -->
        <test-method is-config="true" signature="configAC()[pri:0, instance:com.ecom.flipkart.CartTest.ProductAddToCartTest@a530d0a]" started-at="2022-09-20T14:03:45 IST" name="configAC" finished-at="2022-09-20T14:03:46 IST" duration-ms="1200" status="PASS">
          <reporter-output>
          </reporter-output>
        </test-method> <!-- configAC -->
        <test-method is-config="true" signature="configAS()[pri:0, instance:com.ecom.flipkart.CartTest.ProductAddToCartTest@a530d0a]" started-at="2022-09-20T14:03:46 IST" name="configAS" finished-at="2022-09-20T14:03:46 IST" duration-ms="0" status="PASS">
          <reporter-output>
          </reporter-output>
        </test-method> <!-- configAS -->
      </class> <!-- com.ecom.flipkart.CartTest.ProductAddToCartTest -->
    </test> <!-- Default test -->
  </suite> <!-- Default suite -->
</testng-results>
